{"level":"error","message":"deleteTeamSheetsByID connect database success, is going to get -request.body.TeamSheetMasterID-","timestamp":"2014-05-27T11:37:09.636Z"}
{"level":"error","message":"deleteTeamSheetsByID -request.body.TeamSheetMasterID- content is 2671","timestamp":"2014-05-27T11:37:09.637Z"}
{"level":"error","message":"deleteTeamSheetsByID is doing connection.escape(teamSheetMasterID) ","timestamp":"2014-05-27T11:37:09.637Z"}
{"level":"error","message":"call Proc_DeleteTeamSheet('2671')","timestamp":"2014-05-27T11:37:09.639Z"}
{"level":"error","message":"deleteTeamSheetsByID is doing -connection.query- ","timestamp":"2014-05-27T11:37:09.639Z"}
{"level":"error","message":"deleteTeamSheetsByID -connection.query- success, then callback data ","timestamp":"2014-05-27T11:37:09.769Z"}
{"level":"error","message":"deleteTeamSheetsByID get data from database.","timestamp":"2014-05-27T11:37:09.770Z"}
{"level":"error","message":"deleteTeamSheetsByID the resultID is: 1","timestamp":"2014-05-27T11:37:09.771Z"}
{"level":"error","message":"deleteTeamSheetsByID the returnResult is: [object Object]","timestamp":"2014-05-27T11:37:09.772Z"}
{"level":"error","message":"deleteTeamSheetsByID send json data to client: {\"result\":1}","timestamp":"2014-05-27T11:37:09.773Z"}
{"level":"error","message":"deleteTeamSheetsByID connect database success, is going to get -request.body.TeamSheetMasterID-","timestamp":"2014-05-27T11:57:50.110Z"}
{"level":"error","message":"deleteTeamSheetsByID -request.body.TeamSheetMasterID- content is 2676","timestamp":"2014-05-27T11:57:50.111Z"}
{"level":"error","message":"deleteTeamSheetsByID is doing connection.escape(teamSheetMasterID) ","timestamp":"2014-05-27T11:57:50.112Z"}
{"level":"error","message":"call Proc_DeleteTeamSheet('2676')","timestamp":"2014-05-27T11:57:50.113Z"}
{"level":"error","message":"deleteTeamSheetsByID is doing -connection.query- ","timestamp":"2014-05-27T11:57:50.114Z"}
{"level":"error","message":"deleteTeamSheetsByID -connection.query- success, then callback data ","timestamp":"2014-05-27T11:57:50.313Z"}
{"level":"error","message":"deleteTeamSheetsByID get data from database.","timestamp":"2014-05-27T11:57:50.314Z"}
{"level":"error","message":"deleteTeamSheetsByID the resultID is: 1","timestamp":"2014-05-27T11:57:50.315Z"}
{"level":"error","message":"deleteTeamSheetsByID the returnResult is: [object Object]","timestamp":"2014-05-27T11:57:50.315Z"}
{"level":"error","message":"deleteTeamSheetsByID send json data to client: {\"result\":1}","timestamp":"2014-05-27T11:57:50.316Z"}
{"level":"error","message":"deleteTeamSheetsByID connect database success, is going to get -request.body.TeamSheetMasterID-","timestamp":"2014-05-27T11:59:12.947Z"}
{"level":"error","message":"deleteTeamSheetsByID -request.body.TeamSheetMasterID- content is ss","timestamp":"2014-05-27T11:59:12.948Z"}
{"level":"error","message":"deleteTeamSheetsByID is doing connection.escape(teamSheetMasterID) ","timestamp":"2014-05-27T11:59:12.948Z"}
{"level":"error","message":"call Proc_DeleteTeamSheet('ss')","timestamp":"2014-05-27T11:59:12.949Z"}
{"level":"error","message":"deleteTeamSheetsByID is doing -connection.query- ","timestamp":"2014-05-27T11:59:12.949Z"}
{"level":"error","message":"deleteTeamSheetsByID connect database success, is going to get -request.body.TeamSheetMasterID----staffName: Shuangliang Zheng","timestamp":"2014-05-28T06:03:43.222Z"}
{"level":"error","message":"deleteTeamSheetsByID -request.body.TeamSheetMasterID- content is 2675---staffName: Shuangliang Zheng","timestamp":"2014-05-28T06:03:43.225Z"}
{"level":"error","message":"deleteTeamSheetsByID is doing connection.escape(teamSheetMasterID) ---staffName: Shuangliang Zheng","timestamp":"2014-05-28T06:03:43.225Z"}
{"level":"error","message":"call Proc_DeleteTeamSheet('2675')","timestamp":"2014-05-28T06:03:43.226Z"}
{"level":"error","message":"deleteTeamSheetsByID is doing -connection.query- ---staffName: Shuangliang Zheng","timestamp":"2014-05-28T06:03:43.226Z"}
{"level":"error","message":"deleteTeamSheetsByID -connection.query- success, then callback data ---staffName: Shuangliang Zheng","timestamp":"2014-05-28T06:03:43.377Z"}
{"level":"error","message":"deleteTeamSheetsByID get data from database.---staffName: Shuangliang Zheng","timestamp":"2014-05-28T06:03:43.378Z"}
{"level":"error","message":"deleteTeamSheetsByID the resultID is: 1---staffName: Shuangliang Zheng","timestamp":"2014-05-28T06:03:43.378Z"}
{"level":"error","message":"deleteTeamSheetsByID the returnResult is: [object Object]---staffName: Shuangliang Zheng","timestamp":"2014-05-28T06:03:43.378Z"}
{"level":"error","message":"deleteTeamSheetsByID send json data to client: {\"result\":1}---staffName: Shuangliang Zheng","timestamp":"2014-05-28T06:03:43.379Z"}
{"level":"error","message":"deleteTeamSheetsByID connect database success, is going to get -request.body.TeamSheetMasterID----staffName: Shuangliang Zheng","timestamp":"2014-05-28T06:04:53.017Z"}
{"level":"error","message":"deleteTeamSheetsByID -request.body.TeamSheetMasterID- content is 2677---staffName: Shuangliang Zheng","timestamp":"2014-05-28T06:04:53.017Z"}
{"level":"error","message":"deleteTeamSheetsByID is doing connection.escape(teamSheetMasterID) ---staffName: Shuangliang Zheng","timestamp":"2014-05-28T06:04:53.018Z"}
{"level":"error","message":"call Proc_DeleteTeamSheet('2677')","timestamp":"2014-05-28T06:04:53.019Z"}
{"level":"error","message":"deleteTeamSheetsByID is doing -connection.query- ---staffName: Shuangliang Zheng","timestamp":"2014-05-28T06:04:53.019Z"}
{"level":"error","message":"deleteTeamSheetsByID -connection.query- success, then callback data ---staffName: Shuangliang Zheng","timestamp":"2014-05-28T06:04:53.186Z"}
{"level":"error","message":"deleteTeamSheetsByID get data from database.---staffName: Shuangliang Zheng","timestamp":"2014-05-28T06:04:53.187Z"}
{"level":"error","message":"deleteTeamSheetsByID the resultID is: 1---staffName: Shuangliang Zheng","timestamp":"2014-05-28T06:04:53.187Z"}
{"level":"error","message":"deleteTeamSheetsByID the returnResult is: [object Object]---staffName: Shuangliang Zheng","timestamp":"2014-05-28T06:04:53.187Z"}
{"level":"error","message":"deleteTeamSheetsByID send json data to client: {\"result\":1}---staffName: Shuangliang Zheng","timestamp":"2014-05-28T06:04:53.188Z"}
{"stackTrace":"Error: Error: ER_SP_WRONG_NO_OF_ARGS: Incorrect number of arguments for PROCEDURE sam.Proc_AddProjectReviewProperty; expected 6, got 8\n    at C:\\Work\\Code\\SAM\\routes\\projectReview.js:120:21\n    at Query._callback (C:\\Work\\Code\\SAM\\routes\\projectReview.js:89:29)\n    at Query.Sequence.end (C:\\Work\\Code\\SAM\\node_modules\\mysql\\lib\\protocol\\sequences\\Sequence.js:75:24)\n    at Query.ErrorPacket (C:\\Work\\Code\\SAM\\node_modules\\mysql\\lib\\protocol\\sequences\\Query.js:93:8)\n    at Protocol._parsePacket (C:\\Work\\Code\\SAM\\node_modules\\mysql\\lib\\protocol\\Protocol.js:172:24)\n    at Parser.write (C:\\Work\\Code\\SAM\\node_modules\\mysql\\lib\\protocol\\Parser.js:62:12)\n    at Protocol.write (C:\\Work\\Code\\SAM\\node_modules\\mysql\\lib\\protocol\\Protocol.js:37:16)\n    at Socket.ondata (stream.js:51:26)\n    at Socket.EventEmitter.emit (events.js:117:20)\n    at Socket.<anonymous> (_stream_readable.js:746:14)","level":"error","message":"Error ER_SP_WRONG_NO_OF_ARGS Incorrect number of arguments for PROCEDURE sam.Proc_AddProjectReviewProperty; expected 6, got 8","timestamp":"2014-05-28T06:45:18.814Z"}
{"stackTrace":"Error: Error: ER_SP_WRONG_NO_OF_ARGS: Incorrect number of arguments for PROCEDURE sam.Proc_AddProjectReviewProperty; expected 6, got 8\n    at C:\\Work\\Code\\SAM\\routes\\projectReview.js:120:21\n    at Query._callback (C:\\Work\\Code\\SAM\\routes\\projectReview.js:89:29)\n    at Query.Sequence.end (C:\\Work\\Code\\SAM\\node_modules\\mysql\\lib\\protocol\\sequences\\Sequence.js:75:24)\n    at Query.ErrorPacket (C:\\Work\\Code\\SAM\\node_modules\\mysql\\lib\\protocol\\sequences\\Query.js:93:8)\n    at Protocol._parsePacket (C:\\Work\\Code\\SAM\\node_modules\\mysql\\lib\\protocol\\Protocol.js:172:24)\n    at Parser.write (C:\\Work\\Code\\SAM\\node_modules\\mysql\\lib\\protocol\\Parser.js:62:12)\n    at Protocol.write (C:\\Work\\Code\\SAM\\node_modules\\mysql\\lib\\protocol\\Protocol.js:37:16)\n    at Socket.ondata (stream.js:51:26)\n    at Socket.EventEmitter.emit (events.js:117:20)\n    at Socket.<anonymous> (_stream_readable.js:746:14)","level":"error","message":"Error ER_SP_WRONG_NO_OF_ARGS Incorrect number of arguments for PROCEDURE sam.Proc_AddProjectReviewProperty; expected 6, got 8","timestamp":"2014-05-28T06:45:32.170Z"}
{"stackTrace":"Error: Error: ER_SP_WRONG_NO_OF_ARGS: Incorrect number of arguments for PROCEDURE sam.Proc_AddProjectReviewProperty; expected 6, got 8\n    at C:\\Work\\Code\\SAM\\routes\\projectReview.js:120:21\n    at Query._callback (C:\\Work\\Code\\SAM\\routes\\projectReview.js:89:29)\n    at Query.Sequence.end (C:\\Work\\Code\\SAM\\node_modules\\mysql\\lib\\protocol\\sequences\\Sequence.js:75:24)\n    at Query.ErrorPacket (C:\\Work\\Code\\SAM\\node_modules\\mysql\\lib\\protocol\\sequences\\Query.js:93:8)\n    at Protocol._parsePacket (C:\\Work\\Code\\SAM\\node_modules\\mysql\\lib\\protocol\\Protocol.js:172:24)\n    at Parser.write (C:\\Work\\Code\\SAM\\node_modules\\mysql\\lib\\protocol\\Parser.js:62:12)\n    at Protocol.write (C:\\Work\\Code\\SAM\\node_modules\\mysql\\lib\\protocol\\Protocol.js:37:16)\n    at Socket.ondata (stream.js:51:26)\n    at Socket.EventEmitter.emit (events.js:117:20)\n    at Socket.<anonymous> (_stream_readable.js:746:14)","level":"error","message":"Error ER_SP_WRONG_NO_OF_ARGS Incorrect number of arguments for PROCEDURE sam.Proc_AddProjectReviewProperty; expected 6, got 8","timestamp":"2014-05-28T07:32:29.026Z"}
{"stackTrace":"Error: Error: ER_SP_WRONG_NO_OF_ARGS: Incorrect number of arguments for PROCEDURE sam.Proc_AddProjectReviewProperty; expected 6, got 8\n    at C:\\Work\\Code\\SAM\\routes\\projectReview.js:120:21\n    at Query._callback (C:\\Work\\Code\\SAM\\routes\\projectReview.js:89:29)\n    at Query.Sequence.end (C:\\Work\\Code\\SAM\\node_modules\\mysql\\lib\\protocol\\sequences\\Sequence.js:75:24)\n    at Query.ErrorPacket (C:\\Work\\Code\\SAM\\node_modules\\mysql\\lib\\protocol\\sequences\\Query.js:93:8)\n    at Protocol._parsePacket (C:\\Work\\Code\\SAM\\node_modules\\mysql\\lib\\protocol\\Protocol.js:172:24)\n    at Parser.write (C:\\Work\\Code\\SAM\\node_modules\\mysql\\lib\\protocol\\Parser.js:62:12)\n    at Protocol.write (C:\\Work\\Code\\SAM\\node_modules\\mysql\\lib\\protocol\\Protocol.js:37:16)\n    at Socket.ondata (stream.js:51:26)\n    at Socket.EventEmitter.emit (events.js:117:20)\n    at Socket.<anonymous> (_stream_readable.js:746:14)","level":"error","message":"Error ER_SP_WRONG_NO_OF_ARGS Incorrect number of arguments for PROCEDURE sam.Proc_AddProjectReviewProperty; expected 6, got 8","timestamp":"2014-05-28T07:32:36.707Z"}
{"code":"ER_BAD_FIELD_ERROR","errno":1054,"sqlState":"42S22","index":4,"level":"error","message":"","timestamp":"2014-05-28T08:38:24.042Z"}
{"stackTrace":"Error: Error: ER_BAD_FIELD_ERROR: Unknown column 'v.IsReleasedFromPA' in 'field list'\n    at C:\\Work\\Code\\SAM\\routes\\projectReview.js:287:21\n    at Query._callback (C:\\Work\\Code\\SAM\\routes\\projectReview.js:255:29)\n    at Query.Sequence.end (C:\\Work\\Code\\SAM\\node_modules\\mysql\\lib\\protocol\\sequences\\Sequence.js:75:24)\n    at Query.ErrorPacket (C:\\Work\\Code\\SAM\\node_modules\\mysql\\lib\\protocol\\sequences\\Query.js:93:8)\n    at Protocol._parsePacket (C:\\Work\\Code\\SAM\\node_modules\\mysql\\lib\\protocol\\Protocol.js:172:24)\n    at Parser.write (C:\\Work\\Code\\SAM\\node_modules\\mysql\\lib\\protocol\\Parser.js:62:12)\n    at Protocol.write (C:\\Work\\Code\\SAM\\node_modules\\mysql\\lib\\protocol\\Protocol.js:37:16)\n    at Socket.ondata (stream.js:51:26)\n    at Socket.EventEmitter.emit (events.js:117:20)\n    at Socket.<anonymous> (_stream_readable.js:746:14)","level":"error","message":"Error ER_BAD_FIELD_ERROR Unknown column 'v.IsReleasedFromPA' in 'field list'","timestamp":"2014-05-28T08:38:24.045Z"}
{"stackTrace":"Error: Error: ER_SP_WRONG_NO_OF_ARGS: Incorrect number of arguments for PROCEDURE sam.Proc_AddProjectReviewProperty; expected 6, got 8\n    at C:\\Work\\Code\\SAM\\routes\\projectReview.js:120:21\n    at Query._callback (C:\\Work\\Code\\SAM\\routes\\projectReview.js:89:29)\n    at Query.Sequence.end (C:\\Work\\Code\\SAM\\node_modules\\mysql\\lib\\protocol\\sequences\\Sequence.js:75:24)\n    at Query.ErrorPacket (C:\\Work\\Code\\SAM\\node_modules\\mysql\\lib\\protocol\\sequences\\Query.js:93:8)\n    at Protocol._parsePacket (C:\\Work\\Code\\SAM\\node_modules\\mysql\\lib\\protocol\\Protocol.js:172:24)\n    at Parser.write (C:\\Work\\Code\\SAM\\node_modules\\mysql\\lib\\protocol\\Parser.js:62:12)\n    at Protocol.write (C:\\Work\\Code\\SAM\\node_modules\\mysql\\lib\\protocol\\Protocol.js:37:16)\n    at Socket.ondata (stream.js:51:26)\n    at Socket.EventEmitter.emit (events.js:117:20)\n    at Socket.<anonymous> (_stream_readable.js:746:14)","level":"error","message":"Error ER_SP_WRONG_NO_OF_ARGS Incorrect number of arguments for PROCEDURE sam.Proc_AddProjectReviewProperty; expected 6, got 8","timestamp":"2014-05-28T08:38:28.928Z"}
{"stackTrace":"Error: Error: ER_BAD_FIELD_ERROR: Unknown column 'IsReleasedFromPA' in 'field list'\n    at C:\\Work\\Code\\SAM\\routes\\projectReview.js:120:21\n    at Query._callback (C:\\Work\\Code\\SAM\\routes\\projectReview.js:89:29)\n    at Query.Sequence.end (C:\\Work\\Code\\SAM\\node_modules\\mysql\\lib\\protocol\\sequences\\Sequence.js:75:24)\n    at Query.ErrorPacket (C:\\Work\\Code\\SAM\\node_modules\\mysql\\lib\\protocol\\sequences\\Query.js:93:8)\n    at Protocol._parsePacket (C:\\Work\\Code\\SAM\\node_modules\\mysql\\lib\\protocol\\Protocol.js:172:24)\n    at Parser.write (C:\\Work\\Code\\SAM\\node_modules\\mysql\\lib\\protocol\\Parser.js:62:12)\n    at Protocol.write (C:\\Work\\Code\\SAM\\node_modules\\mysql\\lib\\protocol\\Protocol.js:37:16)\n    at Socket.ondata (stream.js:51:26)\n    at Socket.EventEmitter.emit (events.js:117:20)\n    at Socket.<anonymous> (_stream_readable.js:746:14)","level":"error","message":"Error ER_BAD_FIELD_ERROR Unknown column 'IsReleasedFromPA' in 'field list'","timestamp":"2014-05-28T08:39:24.835Z"}
{"stackTrace":"Error: Error: ER_BAD_FIELD_ERROR: Unknown column 'DateReleasedFromPA' in 'field list'\n    at C:\\Work\\Code\\SAM\\routes\\projectReview.js:120:21\n    at Query._callback (C:\\Work\\Code\\SAM\\routes\\projectReview.js:89:29)\n    at Query.Sequence.end (C:\\Work\\Code\\SAM\\node_modules\\mysql\\lib\\protocol\\sequences\\Sequence.js:75:24)\n    at Query.ErrorPacket (C:\\Work\\Code\\SAM\\node_modules\\mysql\\lib\\protocol\\sequences\\Query.js:93:8)\n    at Protocol._parsePacket (C:\\Work\\Code\\SAM\\node_modules\\mysql\\lib\\protocol\\Protocol.js:172:24)\n    at Parser.write (C:\\Work\\Code\\SAM\\node_modules\\mysql\\lib\\protocol\\Parser.js:62:12)\n    at Protocol.write (C:\\Work\\Code\\SAM\\node_modules\\mysql\\lib\\protocol\\Protocol.js:37:16)\n    at Socket.ondata (stream.js:51:26)\n    at Socket.EventEmitter.emit (events.js:117:20)\n    at Socket.<anonymous> (_stream_readable.js:746:14)","level":"error","message":"Error ER_BAD_FIELD_ERROR Unknown column 'DateReleasedFromPA' in 'field list'","timestamp":"2014-05-28T08:42:33.269Z"}
{"stackTrace":"Error: Error: ER_NO_SUCH_TABLE: Table 'sam.recentreleases' doesn't exist\n    at C:\\Work\\Code\\SAM\\routes\\projectReview.js:120:21\n    at Query._callback (C:\\Work\\Code\\SAM\\routes\\projectReview.js:89:29)\n    at Query.Sequence.end (C:\\Work\\Code\\SAM\\node_modules\\mysql\\lib\\protocol\\sequences\\Sequence.js:75:24)\n    at Query.ErrorPacket (C:\\Work\\Code\\SAM\\node_modules\\mysql\\lib\\protocol\\sequences\\Query.js:93:8)\n    at Protocol._parsePacket (C:\\Work\\Code\\SAM\\node_modules\\mysql\\lib\\protocol\\Protocol.js:172:24)\n    at Parser.write (C:\\Work\\Code\\SAM\\node_modules\\mysql\\lib\\protocol\\Parser.js:62:12)\n    at Protocol.write (C:\\Work\\Code\\SAM\\node_modules\\mysql\\lib\\protocol\\Protocol.js:37:16)\n    at Socket.ondata (stream.js:51:26)\n    at Socket.EventEmitter.emit (events.js:117:20)\n    at Socket.<anonymous> (_stream_readable.js:746:14)","level":"error","message":"Error ER_NO_SUCH_TABLE Table 'sam.recentreleases' doesn't exist","timestamp":"2014-05-28T08:43:47.509Z"}
{"stackTrace":"Error: Error: ER_BAD_FIELD_ERROR: Unknown column 'DateReleasedFromPA' in 'field list'\n    at C:\\Work\\Code\\SAM\\routes\\projectReview.js:120:21\n    at Query._callback (C:\\Work\\Code\\SAM\\routes\\projectReview.js:89:29)\n    at Query.Sequence.end (C:\\Work\\Code\\SAM\\node_modules\\mysql\\lib\\protocol\\sequences\\Sequence.js:75:24)\n    at Query.ErrorPacket (C:\\Work\\Code\\SAM\\node_modules\\mysql\\lib\\protocol\\sequences\\Query.js:93:8)\n    at Protocol._parsePacket (C:\\Work\\Code\\SAM\\node_modules\\mysql\\lib\\protocol\\Protocol.js:172:24)\n    at Parser.write (C:\\Work\\Code\\SAM\\node_modules\\mysql\\lib\\protocol\\Parser.js:62:12)\n    at Protocol.write (C:\\Work\\Code\\SAM\\node_modules\\mysql\\lib\\protocol\\Protocol.js:37:16)\n    at Socket.ondata (stream.js:51:26)\n    at Socket.EventEmitter.emit (events.js:117:20)\n    at Socket.<anonymous> (_stream_readable.js:746:14)","level":"error","message":"Error ER_BAD_FIELD_ERROR Unknown column 'DateReleasedFromPA' in 'field list'","timestamp":"2014-05-28T08:44:20.039Z"}
{"stackTrace":"Error: Error: ER_BAD_FIELD_ERROR: Unknown column 'DateReleasedFromPA' in 'field list'\n    at C:\\Work\\Code\\SAM\\routes\\projectReview.js:120:21\n    at Query._callback (C:\\Work\\Code\\SAM\\routes\\projectReview.js:89:29)\n    at Query.Sequence.end (C:\\Work\\Code\\SAM\\node_modules\\mysql\\lib\\protocol\\sequences\\Sequence.js:75:24)\n    at Query.ErrorPacket (C:\\Work\\Code\\SAM\\node_modules\\mysql\\lib\\protocol\\sequences\\Query.js:93:8)\n    at Protocol._parsePacket (C:\\Work\\Code\\SAM\\node_modules\\mysql\\lib\\protocol\\Protocol.js:172:24)\n    at Parser.write (C:\\Work\\Code\\SAM\\node_modules\\mysql\\lib\\protocol\\Parser.js:62:12)\n    at Protocol.write (C:\\Work\\Code\\SAM\\node_modules\\mysql\\lib\\protocol\\Protocol.js:37:16)\n    at Socket.ondata (stream.js:51:26)\n    at Socket.EventEmitter.emit (events.js:117:20)\n    at Socket.<anonymous> (_stream_readable.js:746:14)","level":"error","message":"Error ER_BAD_FIELD_ERROR Unknown column 'DateReleasedFromPA' in 'field list'","timestamp":"2014-05-28T08:44:43.018Z"}
{"date":"Thu May 29 2014 02:35:44 GMT+0800 (China Standard Time)","process":{"pid":11620,"uid":null,"gid":null,"cwd":"C:\\Work\\Code\\SAM","execPath":"C:\\Program Files\\nodejs\\node.exe","version":"v0.10.26","argv":["node","C:\\Work\\Code\\SAM\\server"],"memoryUsage":{"rss":77361152,"heapTotal":61307648,"heapUsed":25088664}},"os":{"loadavg":[0,0,0],"uptime":641024.4145346},"trace":[{"column":13,"file":"C:\\Work\\Code\\SAM\\node_modules\\mysql\\lib\\protocol\\Protocol.js","function":"Protocol.end","line":73,"method":"end","native":false},{"column":10,"file":"stream.js","function":"Socket.onend","line":79,"method":"onend","native":false},{"column":20,"file":"events.js","function":"Socket.EventEmitter.emit","line":117,"method":"EventEmitter.emit","native":false},{"column":16,"file":"_stream_readable.js","function":null,"line":920,"method":null,"native":false},{"column":13,"file":"node.js","function":"process._tickCallback","line":415,"method":"_tickCallback","native":false}],"stack":["Error: Connection lost: The server closed the connection.","    at Protocol.end (C:\\Work\\Code\\SAM\\node_modules\\mysql\\lib\\protocol\\Protocol.js:73:13)","    at Socket.onend (stream.js:79:10)","    at Socket.EventEmitter.emit (events.js:117:20)","    at _stream_readable.js:920:16","    at process._tickCallback (node.js:415:13)"],"level":"error","message":"uncaughtException: Connection lost: The server closed the connection.","timestamp":"2014-05-28T18:35:44.071Z"}
{"stackTrace":"Error: Error: ER_SP_WRONG_NO_OF_ARGS: Incorrect number of arguments for PROCEDURE sam.Proc_AddVersion; expected 4, got 6\n    at C:\\Work\\Code\\SAM\\routes\\versions.js:176:21\n    at Query._callback (C:\\Work\\Code\\SAM\\routes\\versions.js:144:29)\n    at Query.Sequence.end (C:\\Work\\Code\\SAM\\node_modules\\mysql\\lib\\protocol\\sequences\\Sequence.js:75:24)\n    at Query.ErrorPacket (C:\\Work\\Code\\SAM\\node_modules\\mysql\\lib\\protocol\\sequences\\Query.js:93:8)\n    at Protocol._parsePacket (C:\\Work\\Code\\SAM\\node_modules\\mysql\\lib\\protocol\\Protocol.js:172:24)\n    at Parser.write (C:\\Work\\Code\\SAM\\node_modules\\mysql\\lib\\protocol\\Parser.js:62:12)\n    at Protocol.write (C:\\Work\\Code\\SAM\\node_modules\\mysql\\lib\\protocol\\Protocol.js:37:16)\n    at Socket.ondata (stream.js:51:26)\n    at Socket.EventEmitter.emit (events.js:117:20)\n    at Socket.<anonymous> (_stream_readable.js:746:14)","level":"error","message":"Error ER_SP_WRONG_NO_OF_ARGS Incorrect number of arguments for PROCEDURE sam.Proc_AddVersion; expected 4, got 6","timestamp":"2014-06-05T08:59:18.571Z"}
{"stackTrace":"Error: Error: ER_SP_WRONG_NO_OF_ARGS: Incorrect number of arguments for PROCEDURE sam.Proc_AddVersion; expected 4, got 6\n    at C:\\Work\\Code\\SAM\\routes\\versions.js:176:21\n    at Query._callback (C:\\Work\\Code\\SAM\\routes\\versions.js:144:29)\n    at Query.Sequence.end (C:\\Work\\Code\\SAM\\node_modules\\mysql\\lib\\protocol\\sequences\\Sequence.js:75:24)\n    at Query.ErrorPacket (C:\\Work\\Code\\SAM\\node_modules\\mysql\\lib\\protocol\\sequences\\Query.js:93:8)\n    at Protocol._parsePacket (C:\\Work\\Code\\SAM\\node_modules\\mysql\\lib\\protocol\\Protocol.js:172:24)\n    at Parser.write (C:\\Work\\Code\\SAM\\node_modules\\mysql\\lib\\protocol\\Parser.js:62:12)\n    at Protocol.write (C:\\Work\\Code\\SAM\\node_modules\\mysql\\lib\\protocol\\Protocol.js:37:16)\n    at Socket.ondata (stream.js:51:26)\n    at Socket.EventEmitter.emit (events.js:117:20)\n    at Socket.<anonymous> (_stream_readable.js:746:14)","level":"error","message":"Error ER_SP_WRONG_NO_OF_ARGS Incorrect number of arguments for PROCEDURE sam.Proc_AddVersion; expected 4, got 6","timestamp":"2014-06-05T08:59:27.218Z"}
{"stackTrace":"Error: Error: ER_SP_WRONG_NO_OF_ARGS: Incorrect number of arguments for PROCEDURE sam.Proc_AddVersion; expected 4, got 6\n    at C:\\Work\\Code\\SAM\\routes\\versions.js:176:21\n    at Query._callback (C:\\Work\\Code\\SAM\\routes\\versions.js:144:29)\n    at Query.Sequence.end (C:\\Work\\Code\\SAM\\node_modules\\mysql\\lib\\protocol\\sequences\\Sequence.js:75:24)\n    at Query.ErrorPacket (C:\\Work\\Code\\SAM\\node_modules\\mysql\\lib\\protocol\\sequences\\Query.js:93:8)\n    at Protocol._parsePacket (C:\\Work\\Code\\SAM\\node_modules\\mysql\\lib\\protocol\\Protocol.js:172:24)\n    at Parser.write (C:\\Work\\Code\\SAM\\node_modules\\mysql\\lib\\protocol\\Parser.js:62:12)\n    at Protocol.write (C:\\Work\\Code\\SAM\\node_modules\\mysql\\lib\\protocol\\Protocol.js:37:16)\n    at Socket.ondata (stream.js:51:26)\n    at Socket.EventEmitter.emit (events.js:117:20)\n    at Socket.<anonymous> (_stream_readable.js:746:14)","level":"error","message":"Error ER_SP_WRONG_NO_OF_ARGS Incorrect number of arguments for PROCEDURE sam.Proc_AddVersion; expected 4, got 6","timestamp":"2014-06-05T09:00:10.756Z"}
{"stackTrace":"Error: Error: ER_SP_WRONG_NO_OF_ARGS: Incorrect number of arguments for PROCEDURE sam.Proc_AddVersion; expected 4, got 6\n    at C:\\Work\\Code\\SAM\\routes\\versions.js:176:21\n    at Query._callback (C:\\Work\\Code\\SAM\\routes\\versions.js:144:29)\n    at Query.Sequence.end (C:\\Work\\Code\\SAM\\node_modules\\mysql\\lib\\protocol\\sequences\\Sequence.js:75:24)\n    at Query.ErrorPacket (C:\\Work\\Code\\SAM\\node_modules\\mysql\\lib\\protocol\\sequences\\Query.js:93:8)\n    at Protocol._parsePacket (C:\\Work\\Code\\SAM\\node_modules\\mysql\\lib\\protocol\\Protocol.js:172:24)\n    at Parser.write (C:\\Work\\Code\\SAM\\node_modules\\mysql\\lib\\protocol\\Parser.js:62:12)\n    at Protocol.write (C:\\Work\\Code\\SAM\\node_modules\\mysql\\lib\\protocol\\Protocol.js:37:16)\n    at Socket.ondata (stream.js:51:26)\n    at Socket.EventEmitter.emit (events.js:117:20)\n    at Socket.<anonymous> (_stream_readable.js:746:14)","level":"error","message":"Error ER_SP_WRONG_NO_OF_ARGS Incorrect number of arguments for PROCEDURE sam.Proc_AddVersion; expected 4, got 6","timestamp":"2014-06-13T02:19:47.816Z"}
{"stackTrace":"Error: Error: ER_NO_SUCH_TABLE: Table 'sam.departmentactivity' doesn't exist\n    at C:\\Work\\Code\\SAM\\routes\\activities.js:63:21\n    at Query._callback (C:\\Work\\Code\\SAM\\routes\\activities.js:34:25)\n    at Query.Sequence.end (C:\\Work\\Code\\SAM\\node_modules\\mysql\\lib\\protocol\\sequences\\Sequence.js:75:24)\n    at Query.ErrorPacket (C:\\Work\\Code\\SAM\\node_modules\\mysql\\lib\\protocol\\sequences\\Query.js:93:8)\n    at Protocol._parsePacket (C:\\Work\\Code\\SAM\\node_modules\\mysql\\lib\\protocol\\Protocol.js:172:24)\n    at Parser.write (C:\\Work\\Code\\SAM\\node_modules\\mysql\\lib\\protocol\\Parser.js:62:12)\n    at Protocol.write (C:\\Work\\Code\\SAM\\node_modules\\mysql\\lib\\protocol\\Protocol.js:37:16)\n    at Socket.ondata (stream.js:51:26)\n    at Socket.EventEmitter.emit (events.js:117:20)\n    at Socket.<anonymous> (_stream_readable.js:746:14)","level":"error","message":"Error ER_NO_SUCH_TABLE Table 'sam.departmentactivity' doesn't exist","timestamp":"2014-06-16T06:42:31.683Z"}
{"stackTrace":"Error: Error: ER_NO_SUCH_TABLE: Table 'sam.departmentactivity' doesn't exist\n    at C:\\Work\\Code\\SAM\\routes\\activities.js:63:21\n    at Query._callback (C:\\Work\\Code\\SAM\\routes\\activities.js:34:25)\n    at Query.Sequence.end (C:\\Work\\Code\\SAM\\node_modules\\mysql\\lib\\protocol\\sequences\\Sequence.js:75:24)\n    at Query.ErrorPacket (C:\\Work\\Code\\SAM\\node_modules\\mysql\\lib\\protocol\\sequences\\Query.js:93:8)\n    at Protocol._parsePacket (C:\\Work\\Code\\SAM\\node_modules\\mysql\\lib\\protocol\\Protocol.js:172:24)\n    at Parser.write (C:\\Work\\Code\\SAM\\node_modules\\mysql\\lib\\protocol\\Parser.js:62:12)\n    at Protocol.write (C:\\Work\\Code\\SAM\\node_modules\\mysql\\lib\\protocol\\Protocol.js:37:16)\n    at Socket.ondata (stream.js:51:26)\n    at Socket.EventEmitter.emit (events.js:117:20)\n    at Socket.<anonymous> (_stream_readable.js:746:14)","level":"error","message":"Error ER_NO_SUCH_TABLE Table 'sam.departmentactivity' doesn't exist","timestamp":"2014-06-16T06:42:55.734Z"}
{"stackTrace":"Error: Error: ER_NO_SUCH_TABLE: Table 'sam.departmentactivity' doesn't exist\n    at C:\\Work\\Code\\SAM\\routes\\activities.js:63:21\n    at Query._callback (C:\\Work\\Code\\SAM\\routes\\activities.js:34:25)\n    at Query.Sequence.end (C:\\Work\\Code\\SAM\\node_modules\\mysql\\lib\\protocol\\sequences\\Sequence.js:75:24)\n    at Query.ErrorPacket (C:\\Work\\Code\\SAM\\node_modules\\mysql\\lib\\protocol\\sequences\\Query.js:93:8)\n    at Protocol._parsePacket (C:\\Work\\Code\\SAM\\node_modules\\mysql\\lib\\protocol\\Protocol.js:172:24)\n    at Parser.write (C:\\Work\\Code\\SAM\\node_modules\\mysql\\lib\\protocol\\Parser.js:62:12)\n    at Protocol.write (C:\\Work\\Code\\SAM\\node_modules\\mysql\\lib\\protocol\\Protocol.js:37:16)\n    at Socket.ondata (stream.js:51:26)\n    at Socket.EventEmitter.emit (events.js:117:20)\n    at Socket.<anonymous> (_stream_readable.js:746:14)","level":"error","message":"Error ER_NO_SUCH_TABLE Table 'sam.departmentactivity' doesn't exist","timestamp":"2014-06-16T06:56:56.694Z"}
{"stackTrace":"Error: Error: ER_NO_SUCH_TABLE: Table 'sam.departmentcostcenter' doesn't exist\n    at C:\\Work\\Code\\SAM\\routes\\costCenters.js:64:21\n    at Query._callback (C:\\Work\\Code\\SAM\\routes\\costCenters.js:35:25)\n    at Query.Sequence.end (C:\\Work\\Code\\SAM\\node_modules\\mysql\\lib\\protocol\\sequences\\Sequence.js:75:24)\n    at Query.ErrorPacket (C:\\Work\\Code\\SAM\\node_modules\\mysql\\lib\\protocol\\sequences\\Query.js:93:8)\n    at Protocol._parsePacket (C:\\Work\\Code\\SAM\\node_modules\\mysql\\lib\\protocol\\Protocol.js:172:24)\n    at Parser.write (C:\\Work\\Code\\SAM\\node_modules\\mysql\\lib\\protocol\\Parser.js:62:12)\n    at Protocol.write (C:\\Work\\Code\\SAM\\node_modules\\mysql\\lib\\protocol\\Protocol.js:37:16)\n    at Socket.ondata (stream.js:51:26)\n    at Socket.EventEmitter.emit (events.js:117:20)\n    at Socket.<anonymous> (_stream_readable.js:746:14)","level":"error","message":"Error ER_NO_SUCH_TABLE Table 'sam.departmentcostcenter' doesn't exist","timestamp":"2014-06-16T06:57:20.214Z"}
{"stackTrace":"Error: Error: ER_NO_SUCH_TABLE: Table 'sam.departmentcostcenter' doesn't exist\n    at C:\\Work\\Code\\SAM\\routes\\costCenters.js:64:21\n    at Query._callback (C:\\Work\\Code\\SAM\\routes\\costCenters.js:35:25)\n    at Query.Sequence.end (C:\\Work\\Code\\SAM\\node_modules\\mysql\\lib\\protocol\\sequences\\Sequence.js:75:24)\n    at Query.ErrorPacket (C:\\Work\\Code\\SAM\\node_modules\\mysql\\lib\\protocol\\sequences\\Query.js:93:8)\n    at Protocol._parsePacket (C:\\Work\\Code\\SAM\\node_modules\\mysql\\lib\\protocol\\Protocol.js:172:24)\n    at Parser.write (C:\\Work\\Code\\SAM\\node_modules\\mysql\\lib\\protocol\\Parser.js:62:12)\n    at Protocol.write (C:\\Work\\Code\\SAM\\node_modules\\mysql\\lib\\protocol\\Protocol.js:37:16)\n    at Socket.ondata (stream.js:51:26)\n    at Socket.EventEmitter.emit (events.js:117:20)\n    at Socket.<anonymous> (_stream_readable.js:746:14)","level":"error","message":"Error ER_NO_SUCH_TABLE Table 'sam.departmentcostcenter' doesn't exist","timestamp":"2014-06-16T07:02:16.964Z"}
{"stackTrace":"Error: Error: ER_NO_SUCH_TABLE: Table 'sam.departmentactivity' doesn't exist\n    at C:\\Work\\Code\\SAM\\routes\\activities.js:63:21\n    at Query._callback (C:\\Work\\Code\\SAM\\routes\\activities.js:34:25)\n    at Query.Sequence.end (C:\\Work\\Code\\SAM\\node_modules\\mysql\\lib\\protocol\\sequences\\Sequence.js:75:24)\n    at Query.ErrorPacket (C:\\Work\\Code\\SAM\\node_modules\\mysql\\lib\\protocol\\sequences\\Query.js:93:8)\n    at Protocol._parsePacket (C:\\Work\\Code\\SAM\\node_modules\\mysql\\lib\\protocol\\Protocol.js:172:24)\n    at Parser.write (C:\\Work\\Code\\SAM\\node_modules\\mysql\\lib\\protocol\\Parser.js:62:12)\n    at Protocol.write (C:\\Work\\Code\\SAM\\node_modules\\mysql\\lib\\protocol\\Protocol.js:37:16)\n    at Socket.ondata (stream.js:51:26)\n    at Socket.EventEmitter.emit (events.js:117:20)\n    at Socket.<anonymous> (_stream_readable.js:746:14)","level":"error","message":"Error ER_NO_SUCH_TABLE Table 'sam.departmentactivity' doesn't exist","timestamp":"2014-06-16T07:05:10.205Z"}
{"stackTrace":"Error: Error: ER_NO_SUCH_TABLE: Table 'sam.departmentactivity' doesn't exist\n    at C:\\Work\\Code\\SAM\\routes\\activities.js:63:21\n    at Query._callback (C:\\Work\\Code\\SAM\\routes\\activities.js:34:25)\n    at Query.Sequence.end (C:\\Work\\Code\\SAM\\node_modules\\mysql\\lib\\protocol\\sequences\\Sequence.js:75:24)\n    at Query.ErrorPacket (C:\\Work\\Code\\SAM\\node_modules\\mysql\\lib\\protocol\\sequences\\Query.js:93:8)\n    at Protocol._parsePacket (C:\\Work\\Code\\SAM\\node_modules\\mysql\\lib\\protocol\\Protocol.js:172:24)\n    at Parser.write (C:\\Work\\Code\\SAM\\node_modules\\mysql\\lib\\protocol\\Parser.js:62:12)\n    at Protocol.write (C:\\Work\\Code\\SAM\\node_modules\\mysql\\lib\\protocol\\Protocol.js:37:16)\n    at Socket.ondata (stream.js:51:26)\n    at Socket.EventEmitter.emit (events.js:117:20)\n    at Socket.<anonymous> (_stream_readable.js:746:14)","level":"error","message":"Error ER_NO_SUCH_TABLE Table 'sam.departmentactivity' doesn't exist","timestamp":"2014-06-16T07:24:36.446Z"}
{"stackTrace":"Error: Error: ER_NO_SUCH_TABLE: Table 'sam.departmentactivity' doesn't exist\n    at C:\\Work\\Code\\SAM\\routes\\activities.js:63:21\n    at Query._callback (C:\\Work\\Code\\SAM\\routes\\activities.js:34:25)\n    at Query.Sequence.end (C:\\Work\\Code\\SAM\\node_modules\\mysql\\lib\\protocol\\sequences\\Sequence.js:75:24)\n    at Query.ErrorPacket (C:\\Work\\Code\\SAM\\node_modules\\mysql\\lib\\protocol\\sequences\\Query.js:93:8)\n    at Protocol._parsePacket (C:\\Work\\Code\\SAM\\node_modules\\mysql\\lib\\protocol\\Protocol.js:172:24)\n    at Parser.write (C:\\Work\\Code\\SAM\\node_modules\\mysql\\lib\\protocol\\Parser.js:62:12)\n    at Protocol.write (C:\\Work\\Code\\SAM\\node_modules\\mysql\\lib\\protocol\\Protocol.js:37:16)\n    at Socket.ondata (stream.js:51:26)\n    at Socket.EventEmitter.emit (events.js:117:20)\n    at Socket.<anonymous> (_stream_readable.js:746:14)","level":"error","message":"Error ER_NO_SUCH_TABLE Table 'sam.departmentactivity' doesn't exist","timestamp":"2014-06-16T07:24:44.141Z"}
{"stackTrace":"Error: Error: ER_NO_SUCH_TABLE: Table 'sam.departmentactivity' doesn't exist\n    at C:\\Work\\Code\\SAM\\routes\\activities.js:63:21\n    at Query._callback (C:\\Work\\Code\\SAM\\routes\\activities.js:34:25)\n    at Query.Sequence.end (C:\\Work\\Code\\SAM\\node_modules\\mysql\\lib\\protocol\\sequences\\Sequence.js:75:24)\n    at Query.ErrorPacket (C:\\Work\\Code\\SAM\\node_modules\\mysql\\lib\\protocol\\sequences\\Query.js:93:8)\n    at Protocol._parsePacket (C:\\Work\\Code\\SAM\\node_modules\\mysql\\lib\\protocol\\Protocol.js:172:24)\n    at Parser.write (C:\\Work\\Code\\SAM\\node_modules\\mysql\\lib\\protocol\\Parser.js:62:12)\n    at Protocol.write (C:\\Work\\Code\\SAM\\node_modules\\mysql\\lib\\protocol\\Protocol.js:37:16)\n    at Socket.ondata (stream.js:51:26)\n    at Socket.EventEmitter.emit (events.js:117:20)\n    at Socket.<anonymous> (_stream_readable.js:746:14)","level":"error","message":"Error ER_NO_SUCH_TABLE Table 'sam.departmentactivity' doesn't exist","timestamp":"2014-06-16T07:24:46.490Z"}
{"stackTrace":"Error: Error: ER_NO_SUCH_TABLE: Table 'sam.departmentactivity' doesn't exist\n    at C:\\Work\\Code\\SAM\\routes\\activities.js:63:21\n    at Query._callback (C:\\Work\\Code\\SAM\\routes\\activities.js:34:25)\n    at Query.Sequence.end (C:\\Work\\Code\\SAM\\node_modules\\mysql\\lib\\protocol\\sequences\\Sequence.js:75:24)\n    at Query.ErrorPacket (C:\\Work\\Code\\SAM\\node_modules\\mysql\\lib\\protocol\\sequences\\Query.js:93:8)\n    at Protocol._parsePacket (C:\\Work\\Code\\SAM\\node_modules\\mysql\\lib\\protocol\\Protocol.js:172:24)\n    at Parser.write (C:\\Work\\Code\\SAM\\node_modules\\mysql\\lib\\protocol\\Parser.js:62:12)\n    at Protocol.write (C:\\Work\\Code\\SAM\\node_modules\\mysql\\lib\\protocol\\Protocol.js:37:16)\n    at Socket.ondata (stream.js:51:26)\n    at Socket.EventEmitter.emit (events.js:117:20)\n    at Socket.<anonymous> (_stream_readable.js:746:14)","level":"error","message":"Error ER_NO_SUCH_TABLE Table 'sam.departmentactivity' doesn't exist","timestamp":"2014-06-16T07:24:55.193Z"}
{"date":"Mon Jun 16 2014 15:56:55 GMT+0800 (China Standard Time)","process":{"pid":18196,"uid":null,"gid":null,"cwd":"C:\\Work\\Code\\SAM","execPath":"C:\\Program Files\\nodejs\\node.exe","version":"v0.10.26","argv":["node","C:\\Work\\Code\\SAM\\server"],"memoryUsage":{"rss":75386880,"heapTotal":60263680,"heapUsed":33480432}},"os":{"loadavg":[0,0,0],"uptime":2244295.7972342},"trace":[{"column":16,"file":"C:\\Work\\Code\\SAM\\node_modules\\mysql\\lib\\protocol\\Protocol.js","function":"Protocol._validateEnqueue","line":120,"method":"_validateEnqueue","native":false},{"column":13,"file":"C:\\Work\\Code\\SAM\\node_modules\\mysql\\lib\\protocol\\Protocol.js","function":"Protocol._enqueue","line":89,"method":"_enqueue","native":false},{"column":36,"file":"C:\\Work\\Code\\SAM\\node_modules\\mysql\\lib\\protocol\\Protocol.js","function":"Protocol.quit","line":62,"method":"quit","native":false},{"column":18,"file":"C:\\Work\\Code\\SAM\\node_modules\\mysql\\lib\\Connection.js","function":"Connection.end","line":123,"method":"end","native":false},{"column":36,"file":"C:\\Work\\Code\\SAM\\routes\\teamSheets.js","function":"Query._callback","line":350,"method":"_callback","native":false},{"column":24,"file":"C:\\Work\\Code\\SAM\\node_modules\\mysql\\lib\\protocol\\sequences\\Sequence.js","function":"Query.Sequence.end","line":75,"method":"Sequence.end","native":false},{"column":8,"file":"C:\\Work\\Code\\SAM\\node_modules\\mysql\\lib\\protocol\\sequences\\Query.js","function":"Query._handleFinalResultPacket","line":143,"method":"_handleFinalResultPacket","native":false},{"column":10,"file":"C:\\Work\\Code\\SAM\\node_modules\\mysql\\lib\\protocol\\sequences\\Query.js","function":"Query.OkPacket","line":77,"method":"OkPacket","native":false},{"column":24,"file":"C:\\Work\\Code\\SAM\\node_modules\\mysql\\lib\\protocol\\Protocol.js","function":"Protocol._parsePacket","line":172,"method":"_parsePacket","native":false},{"column":12,"file":"C:\\Work\\Code\\SAM\\node_modules\\mysql\\lib\\protocol\\Parser.js","function":"Parser.write","line":62,"method":"write","native":false},{"column":null,"file":"    --------------------","function":null,"line":null,"method":null,"native":null},{"column":20,"file":"C:\\Work\\Code\\SAM\\node_modules\\mysql\\lib\\protocol\\sequences\\Sequence.js","function":"Quit.Sequence","line":15,"method":"Sequence","native":false},{"column":12,"file":"Quit (C:\\Work\\Code\\SAM\\node_modules\\mysql\\lib\\protocol\\sequences\\Quit.js","function":"new","line":8,"method":null,"native":false},{"column":45,"file":"C:\\Work\\Code\\SAM\\node_modules\\mysql\\lib\\protocol\\Protocol.js","function":"Protocol.quit","line":62,"method":"quit","native":false},{"column":18,"file":"C:\\Work\\Code\\SAM\\node_modules\\mysql\\lib\\Connection.js","function":"Connection.end","line":123,"method":"end","native":false},{"column":36,"file":"C:\\Work\\Code\\SAM\\routes\\teamSheets.js","function":"Query._callback","line":350,"method":"_callback","native":false},{"column":24,"file":"C:\\Work\\Code\\SAM\\node_modules\\mysql\\lib\\protocol\\sequences\\Sequence.js","function":"Query.Sequence.end","line":75,"method":"Sequence.end","native":false},{"column":8,"file":"C:\\Work\\Code\\SAM\\node_modules\\mysql\\lib\\protocol\\sequences\\Query.js","function":"Query._handleFinalResultPacket","line":143,"method":"_handleFinalResultPacket","native":false},{"column":10,"file":"C:\\Work\\Code\\SAM\\node_modules\\mysql\\lib\\protocol\\sequences\\Query.js","function":"Query.OkPacket","line":77,"method":"OkPacket","native":false},{"column":24,"file":"C:\\Work\\Code\\SAM\\node_modules\\mysql\\lib\\protocol\\Protocol.js","function":"Protocol._parsePacket","line":172,"method":"_parsePacket","native":false},{"column":12,"file":"C:\\Work\\Code\\SAM\\node_modules\\mysql\\lib\\protocol\\Parser.js","function":"Parser.write","line":62,"method":"write","native":false}],"stack":["Error: Cannot enqueue Quit after invoking quit.","    at Protocol._validateEnqueue (C:\\Work\\Code\\SAM\\node_modules\\mysql\\lib\\protocol\\Protocol.js:120:16)","    at Protocol._enqueue (C:\\Work\\Code\\SAM\\node_modules\\mysql\\lib\\protocol\\Protocol.js:89:13)","    at Protocol.quit (C:\\Work\\Code\\SAM\\node_modules\\mysql\\lib\\protocol\\Protocol.js:62:36)","    at Connection.end (C:\\Work\\Code\\SAM\\node_modules\\mysql\\lib\\Connection.js:123:18)","    at Query._callback (C:\\Work\\Code\\SAM\\routes\\teamSheets.js:350:36)","    at Query.Sequence.end (C:\\Work\\Code\\SAM\\node_modules\\mysql\\lib\\protocol\\sequences\\Sequence.js:75:24)","    at Query._handleFinalResultPacket (C:\\Work\\Code\\SAM\\node_modules\\mysql\\lib\\protocol\\sequences\\Query.js:143:8)","    at Query.OkPacket (C:\\Work\\Code\\SAM\\node_modules\\mysql\\lib\\protocol\\sequences\\Query.js:77:10)","    at Protocol._parsePacket (C:\\Work\\Code\\SAM\\node_modules\\mysql\\lib\\protocol\\Protocol.js:172:24)","    at Parser.write (C:\\Work\\Code\\SAM\\node_modules\\mysql\\lib\\protocol\\Parser.js:62:12)","    --------------------","    at Quit.Sequence (C:\\Work\\Code\\SAM\\node_modules\\mysql\\lib\\protocol\\sequences\\Sequence.js:15:20)","    at new Quit (C:\\Work\\Code\\SAM\\node_modules\\mysql\\lib\\protocol\\sequences\\Quit.js:8:12)","    at Protocol.quit (C:\\Work\\Code\\SAM\\node_modules\\mysql\\lib\\protocol\\Protocol.js:62:45)","    at Connection.end (C:\\Work\\Code\\SAM\\node_modules\\mysql\\lib\\Connection.js:123:18)","    at Query._callback (C:\\Work\\Code\\SAM\\routes\\teamSheets.js:350:36)","    at Query.Sequence.end (C:\\Work\\Code\\SAM\\node_modules\\mysql\\lib\\protocol\\sequences\\Sequence.js:75:24)","    at Query._handleFinalResultPacket (C:\\Work\\Code\\SAM\\node_modules\\mysql\\lib\\protocol\\sequences\\Query.js:143:8)","    at Query.OkPacket (C:\\Work\\Code\\SAM\\node_modules\\mysql\\lib\\protocol\\sequences\\Query.js:77:10)","    at Protocol._parsePacket (C:\\Work\\Code\\SAM\\node_modules\\mysql\\lib\\protocol\\Protocol.js:172:24)","    at Parser.write (C:\\Work\\Code\\SAM\\node_modules\\mysql\\lib\\protocol\\Parser.js:62:12)"],"level":"error","message":"uncaughtException: Cannot enqueue Quit after invoking quit.","timestamp":"2014-06-16T07:56:55.415Z"}
{"stackTrace":"Error: Error: ER_NO_REFERENCED_ROW_: Cannot add or update a child row: a foreign key constraint fails (`samtest`.`histversionproperty`, CONSTRAINT `histversionproperty_ibfk_1` FOREIGN KEY (`VersionID`) REFERENCES `version` (`ID`))\n    at C:\\Work\\Code\\SAM\\routes\\projectReview.js:120:21\n    at Query._callback (C:\\Work\\Code\\SAM\\routes\\projectReview.js:89:29)\n    at Query.Sequence.end (C:\\Work\\Code\\SAM\\node_modules\\mysql\\lib\\protocol\\sequences\\Sequence.js:75:24)\n    at Query.ErrorPacket (C:\\Work\\Code\\SAM\\node_modules\\mysql\\lib\\protocol\\sequences\\Query.js:93:8)\n    at Protocol._parsePacket (C:\\Work\\Code\\SAM\\node_modules\\mysql\\lib\\protocol\\Protocol.js:172:24)\n    at Parser.write (C:\\Work\\Code\\SAM\\node_modules\\mysql\\lib\\protocol\\Parser.js:62:12)\n    at Protocol.write (C:\\Work\\Code\\SAM\\node_modules\\mysql\\lib\\protocol\\Protocol.js:37:16)\n    at Socket.ondata (stream.js:51:26)\n    at Socket.EventEmitter.emit (events.js:117:20)\n    at Socket.<anonymous> (_stream_readable.js:746:14)","level":"error","message":"Error ER_NO_REFERENCED_ROW_ Cannot add or update a child row a foreign key constraint fails (`samtest`.`histversionproperty`, CONSTRAINT `histversionproperty_ibfk_1` FOREIGN KEY (`VersionID`) REFERENCES `version` (`ID`))","timestamp":"2014-06-16T10:17:45.269Z"}
{"stackTrace":"Error: Error: ER_SP_DOES_NOT_EXIST: PROCEDURE samtest.Proc_ModifyProductNotesSummary does not exist\n    at C:\\Work\\Code\\SAM\\routes\\projectReview.js:771:21\n    at Query._callback (C:\\Work\\Code\\SAM\\routes\\projectReview.js:740:29)\n    at Query.Sequence.end (C:\\Work\\Code\\SAM\\node_modules\\mysql\\lib\\protocol\\sequences\\Sequence.js:75:24)\n    at Query.ErrorPacket (C:\\Work\\Code\\SAM\\node_modules\\mysql\\lib\\protocol\\sequences\\Query.js:93:8)\n    at Protocol._parsePacket (C:\\Work\\Code\\SAM\\node_modules\\mysql\\lib\\protocol\\Protocol.js:172:24)\n    at Parser.write (C:\\Work\\Code\\SAM\\node_modules\\mysql\\lib\\protocol\\Parser.js:62:12)\n    at Protocol.write (C:\\Work\\Code\\SAM\\node_modules\\mysql\\lib\\protocol\\Protocol.js:37:16)\n    at Socket.ondata (stream.js:51:26)\n    at Socket.EventEmitter.emit (events.js:117:20)\n    at Socket.<anonymous> (_stream_readable.js:746:14)","level":"error","message":"Error ER_SP_DOES_NOT_EXIST PROCEDURE samtest.Proc_ModifyProductNotesSummary does not exist","timestamp":"2014-06-25T06:15:23.065Z"}
{"stackTrace":"Error: Error: ER_SP_WRONG_NO_OF_ARGS: Incorrect number of arguments for PROCEDURE samtest.Proc_AddProjectReviewProperty; expected 8, got 6\n    at C:\\Work\\Code\\SAM\\routes\\projectReview.js:116:21\n    at Query._callback (C:\\Work\\Code\\SAM\\routes\\projectReview.js:85:29)\n    at Query.Sequence.end (C:\\Work\\Code\\SAM\\node_modules\\mysql\\lib\\protocol\\sequences\\Sequence.js:75:24)\n    at Query.ErrorPacket (C:\\Work\\Code\\SAM\\node_modules\\mysql\\lib\\protocol\\sequences\\Query.js:93:8)\n    at Protocol._parsePacket (C:\\Work\\Code\\SAM\\node_modules\\mysql\\lib\\protocol\\Protocol.js:172:24)\n    at Parser.write (C:\\Work\\Code\\SAM\\node_modules\\mysql\\lib\\protocol\\Parser.js:62:12)\n    at Protocol.write (C:\\Work\\Code\\SAM\\node_modules\\mysql\\lib\\protocol\\Protocol.js:37:16)\n    at Socket.ondata (stream.js:51:26)\n    at Socket.EventEmitter.emit (events.js:117:20)\n    at Socket.<anonymous> (_stream_readable.js:746:14)","level":"error","message":"Error ER_SP_WRONG_NO_OF_ARGS Incorrect number of arguments for PROCEDURE samtest.Proc_AddProjectReviewProperty; expected 8, got 6","timestamp":"2014-06-25T06:40:12.332Z"}
{"stackTrace":"Error: Error: ER_SP_WRONG_NO_OF_ARGS: Incorrect number of arguments for PROCEDURE samtest.Proc_AddProjectReviewProperty; expected 8, got 6\n    at C:\\Work\\Code\\SAM\\routes\\projectReview.js:116:21\n    at Query._callback (C:\\Work\\Code\\SAM\\routes\\projectReview.js:85:29)\n    at Query.Sequence.end (C:\\Work\\Code\\SAM\\node_modules\\mysql\\lib\\protocol\\sequences\\Sequence.js:75:24)\n    at Query.ErrorPacket (C:\\Work\\Code\\SAM\\node_modules\\mysql\\lib\\protocol\\sequences\\Query.js:93:8)\n    at Protocol._parsePacket (C:\\Work\\Code\\SAM\\node_modules\\mysql\\lib\\protocol\\Protocol.js:172:24)\n    at Parser.write (C:\\Work\\Code\\SAM\\node_modules\\mysql\\lib\\protocol\\Parser.js:62:12)\n    at Protocol.write (C:\\Work\\Code\\SAM\\node_modules\\mysql\\lib\\protocol\\Protocol.js:37:16)\n    at Socket.ondata (stream.js:51:26)\n    at Socket.EventEmitter.emit (events.js:117:20)\n    at Socket.<anonymous> (_stream_readable.js:746:14)","level":"error","message":"Error ER_SP_WRONG_NO_OF_ARGS Incorrect number of arguments for PROCEDURE samtest.Proc_AddProjectReviewProperty; expected 8, got 6","timestamp":"2014-06-26T06:59:08.282Z"}
{"stackTrace":"Error: Error: ER_SP_WRONG_NO_OF_ARGS: Incorrect number of arguments for PROCEDURE samtest.Proc_AddProjectReviewProperty; expected 8, got 6\n    at C:\\Work\\Code\\SAM\\routes\\projectReview.js:116:21\n    at Query._callback (C:\\Work\\Code\\SAM\\routes\\projectReview.js:85:29)\n    at Query.Sequence.end (C:\\Work\\Code\\SAM\\node_modules\\mysql\\lib\\protocol\\sequences\\Sequence.js:75:24)\n    at Query.ErrorPacket (C:\\Work\\Code\\SAM\\node_modules\\mysql\\lib\\protocol\\sequences\\Query.js:93:8)\n    at Protocol._parsePacket (C:\\Work\\Code\\SAM\\node_modules\\mysql\\lib\\protocol\\Protocol.js:172:24)\n    at Parser.write (C:\\Work\\Code\\SAM\\node_modules\\mysql\\lib\\protocol\\Parser.js:62:12)\n    at Protocol.write (C:\\Work\\Code\\SAM\\node_modules\\mysql\\lib\\protocol\\Protocol.js:37:16)\n    at Socket.ondata (stream.js:51:26)\n    at Socket.EventEmitter.emit (events.js:117:20)\n    at Socket.<anonymous> (_stream_readable.js:746:14)","level":"error","message":"Error ER_SP_WRONG_NO_OF_ARGS Incorrect number of arguments for PROCEDURE samtest.Proc_AddProjectReviewProperty; expected 8, got 6","timestamp":"2014-06-26T07:21:55.515Z"}
{"date":"Wed Jul 16 2014 10:45:21 GMT+0800 (China Standard Time)","process":{"pid":9168,"uid":null,"gid":null,"cwd":"C:\\Work\\Code\\SAM","execPath":"C:\\Program Files\\nodejs\\node.exe","version":"v0.10.26","argv":["node","C:\\Work\\Code\\SAM\\server.js"],"memoryUsage":{"rss":30023680,"heapTotal":16571136,"heapUsed":7439528}},"os":{"loadavg":[0,0,0],"uptime":74819.7692146},"trace":[{"column":25,"file":"module.js","function":"Module._compile","line":439,"method":"_compile","native":false},{"column":10,"file":"module.js","function":"Object.Module._extensions..js","line":474,"method":"Module._extensions..js","native":false},{"column":32,"file":"module.js","function":"Module.load","line":356,"method":"load","native":false},{"column":12,"file":"module.js","function":"Function.Module._load","line":312,"method":"Module._load","native":false},{"column":17,"file":"module.js","function":"Module.require","line":364,"method":"require","native":false},{"column":17,"file":"module.js","function":"require","line":380,"method":null,"native":false},{"column":14,"file":"C:\\Work\\Code\\SAM\\server.js","function":"","line":102,"method":null,"native":false},{"column":26,"file":"module.js","function":"Module._compile","line":456,"method":"_compile","native":false},{"column":10,"file":"module.js","function":"Object.Module._extensions..js","line":474,"method":"Module._extensions..js","native":false},{"column":32,"file":"module.js","function":"Module.load","line":356,"method":"load","native":false}],"stack":["SyntaxError: Unexpected token )","    at Module._compile (module.js:439:25)","    at Object.Module._extensions..js (module.js:474:10)","    at Module.load (module.js:356:32)","    at Function.Module._load (module.js:312:12)","    at Module.require (module.js:364:17)","    at require (module.js:380:17)","    at Object.<anonymous> (C:\\Work\\Code\\SAM\\server.js:102:14)","    at Module._compile (module.js:456:26)","    at Object.Module._extensions..js (module.js:474:10)","    at Module.load (module.js:356:32)"],"level":"error","message":"uncaughtException: Unexpected token )","timestamp":"2014-07-16T02:45:21.393Z"}
{"stackTrace":"Error: TypeError: Converting circular structure to JSON\n    at C:\\Work\\Code\\SAM\\routes\\login.js:153:21\n    at C:\\Work\\Code\\SAM\\routes\\login.js:125:28\n    at C:\\Work\\Code\\SAM\\node_modules\\passport\\lib\\passport\\http\\request.js:44:48\n    at pass (C:\\Work\\Code\\SAM\\node_modules\\passport\\lib\\passport\\index.js:281:14)\n    at Passport.serializeUser (C:\\Work\\Code\\SAM\\node_modules\\passport\\lib\\passport\\index.js:283:5)\n    at IncomingMessage.req.login.req.logIn (C:\\Work\\Code\\SAM\\node_modules\\passport\\lib\\passport\\http\\request.js:43:29)\n    at authenticate (C:\\Work\\Code\\SAM\\routes\\login.js:123:21)\n    at exports.authenticate (C:\\Work\\Code\\SAM\\routes\\login.js:134:5)\n    at callbacks (C:\\Work\\Code\\SAM\\node_modules\\express\\lib\\router\\index.js:161:37)\n    at complete (C:\\Work\\Code\\SAM\\node_modules\\passport\\lib\\passport\\middleware\\authenticate.js:218:13)","level":"error","message":"TypeError Converting circular structure to JSON","timestamp":"2014-07-17T06:18:16.241Z"}
{"stackTrace":"Error: ReferenceError: landingpage is not defined\n    at C:\\Work\\Code\\SAM\\routes\\login.js:153:21\n    at C:\\Work\\Code\\SAM\\routes\\login.js:125:28\n    at C:\\Work\\Code\\SAM\\node_modules\\passport\\lib\\passport\\http\\request.js:44:48\n    at pass (C:\\Work\\Code\\SAM\\node_modules\\passport\\lib\\passport\\index.js:281:14)\n    at Passport.serializeUser (C:\\Work\\Code\\SAM\\node_modules\\passport\\lib\\passport\\index.js:283:5)\n    at IncomingMessage.req.login.req.logIn (C:\\Work\\Code\\SAM\\node_modules\\passport\\lib\\passport\\http\\request.js:43:29)\n    at authenticate (C:\\Work\\Code\\SAM\\routes\\login.js:123:21)\n    at exports.authenticate (C:\\Work\\Code\\SAM\\routes\\login.js:134:5)\n    at callbacks (C:\\Work\\Code\\SAM\\node_modules\\express\\lib\\router\\index.js:161:37)\n    at complete (C:\\Work\\Code\\SAM\\node_modules\\passport\\lib\\passport\\middleware\\authenticate.js:218:13)","level":"error","message":"ReferenceError landingpage is not defined","timestamp":"2014-07-17T07:46:40.050Z"}
{"date":"Sun Sep 28 2014 10:54:07 GMT+0800 (China Standard Time)","process":{"pid":1144,"uid":null,"gid":null,"cwd":"C:\\GIT\\Exercises\\Web","execPath":"C:\\Program Files\\nodejs\\node.exe","version":"v0.10.26","argv":["node","C:\\GIT\\Exercises\\Web\\server"],"memoryUsage":{"rss":29073408,"heapTotal":16571136,"heapUsed":8169216}},"os":{"loadavg":[0,0,0],"uptime":169316.6314275},"trace":[{"column":15,"file":"module.js","function":"Function.Module._resolveFilename","line":338,"method":"Module._resolveFilename","native":false},{"column":25,"file":"module.js","function":"Function.Module._load","line":280,"method":"Module._load","native":false},{"column":17,"file":"module.js","function":"Module.require","line":364,"method":"require","native":false},{"column":17,"file":"module.js","function":"require","line":380,"method":null,"native":false},{"column":15,"file":"C:\\GIT\\Exercises\\Web\\routes\\main.js","function":"","line":8,"method":null,"native":false},{"column":26,"file":"module.js","function":"Module._compile","line":456,"method":"_compile","native":false},{"column":10,"file":"module.js","function":"Object.Module._extensions..js","line":474,"method":"Module._extensions..js","native":false},{"column":32,"file":"module.js","function":"Module.load","line":356,"method":"load","native":false},{"column":12,"file":"module.js","function":"Function.Module._load","line":312,"method":"Module._load","native":false},{"column":17,"file":"module.js","function":"Module.require","line":364,"method":"require","native":false}],"stack":["Error: Cannot find module './index'","    at Function.Module._resolveFilename (module.js:338:15)","    at Function.Module._load (module.js:280:25)","    at Module.require (module.js:364:17)","    at require (module.js:380:17)","    at Object.<anonymous> (C:\\GIT\\Exercises\\Web\\routes\\main.js:8:15)","    at Module._compile (module.js:456:26)","    at Object.Module._extensions..js (module.js:474:10)","    at Module.load (module.js:356:32)","    at Function.Module._load (module.js:312:12)","    at Module.require (module.js:364:17)"],"level":"error","message":"uncaughtException: Cannot find module './index'","timestamp":"2014-09-28T02:54:07.256Z"}
{"date":"Sun Sep 28 2014 11:27:36 GMT+0800 (China Standard Time)","process":{"pid":7624,"uid":null,"gid":null,"cwd":"C:\\GIT\\Exercises\\Web","execPath":"C:\\Program Files\\nodejs\\node.exe","version":"v0.10.26","argv":["node","C:\\GIT\\Exercises\\Web\\server"],"memoryUsage":{"rss":29126656,"heapTotal":16571136,"heapUsed":8117848}},"os":{"loadavg":[0,0,0],"uptime":171325.6653108},"trace":[{"column":14,"file":"C:\\GIT\\Exercises\\Web\\routes\\main.js","function":"","line":66,"method":null,"native":false},{"column":26,"file":"module.js","function":"Module._compile","line":456,"method":"_compile","native":false},{"column":10,"file":"module.js","function":"Object.Module._extensions..js","line":474,"method":"Module._extensions..js","native":false},{"column":32,"file":"module.js","function":"Module.load","line":356,"method":"load","native":false},{"column":12,"file":"module.js","function":"Function.Module._load","line":312,"method":"Module._load","native":false},{"column":17,"file":"module.js","function":"Module.require","line":364,"method":"require","native":false},{"column":17,"file":"module.js","function":"require","line":380,"method":null,"native":false},{"column":14,"file":"C:\\GIT\\Exercises\\Web\\server.js","function":"","line":107,"method":null,"native":false},{"column":26,"file":"module.js","function":"Module._compile","line":456,"method":"_compile","native":false},{"column":10,"file":"module.js","function":"Object.Module._extensions..js","line":474,"method":"Module._extensions..js","native":false}],"stack":["ReferenceError: index is not defined","    at Object.<anonymous> (C:\\GIT\\Exercises\\Web\\routes\\main.js:66:14)","    at Module._compile (module.js:456:26)","    at Object.Module._extensions..js (module.js:474:10)","    at Module.load (module.js:356:32)","    at Function.Module._load (module.js:312:12)","    at Module.require (module.js:364:17)","    at require (module.js:380:17)","    at Object.<anonymous> (C:\\GIT\\Exercises\\Web\\server.js:107:14)","    at Module._compile (module.js:456:26)","    at Object.Module._extensions..js (module.js:474:10)"],"level":"error","message":"uncaughtException: index is not defined","timestamp":"2014-09-28T03:27:36.290Z"}
{"stackTrace":"Error: Error: ER_PARSE_ERROR: You have an error in your SQL syntax; check the manual that corresponds to your MySQL server version for the right syntax to use near 'select * from exercises.examitem where examid='1';select ep.* from exercises.exa' at line 1\n    at C:\\Work\\Code\\Exercises\\Web\\routes\\exam.js:67:21\n    at Query._callback (C:\\Work\\Code\\Exercises\\Web\\routes\\exam.js:38:25)\n    at Query.Sequence.end (C:\\Work\\Code\\Exercises\\Web\\node_modules\\mysql\\lib\\protocol\\sequences\\Sequence.js:75:24)\n    at Query.ErrorPacket (C:\\Work\\Code\\Exercises\\Web\\node_modules\\mysql\\lib\\protocol\\sequences\\Query.js:93:8)\n    at Protocol._parsePacket (C:\\Work\\Code\\Exercises\\Web\\node_modules\\mysql\\lib\\protocol\\Protocol.js:172:24)\n    at Parser.write (C:\\Work\\Code\\Exercises\\Web\\node_modules\\mysql\\lib\\protocol\\Parser.js:62:12)\n    at Protocol.write (C:\\Work\\Code\\Exercises\\Web\\node_modules\\mysql\\lib\\protocol\\Protocol.js:37:16)\n    at Socket.ondata (stream.js:51:26)\n    at Socket.EventEmitter.emit (events.js:117:20)\n    at Socket.<anonymous> (_stream_readable.js:745:14)","level":"error","message":"Error ER_PARSE_ERROR You have an error in your SQL syntax; check the manual that corresponds to your MySQL server version for the right syntax to use near 'select * from exercises.examitem where examid='1';select ep.* from exercises.exa' at line 1","timestamp":"2014-11-14T09:36:19.782Z"}
{"stackTrace":"Error: Error: ER_PARSE_ERROR: You have an error in your SQL syntax; check the manual that corresponds to your MySQL server version for the right syntax to use near 'select * from exercises.examitem where examid='1';select ep.* from exercises.exa' at line 1\n    at C:\\Work\\Code\\Exercises\\Web\\routes\\exam.js:67:21\n    at Query._callback (C:\\Work\\Code\\Exercises\\Web\\routes\\exam.js:38:25)\n    at Query.Sequence.end (C:\\Work\\Code\\Exercises\\Web\\node_modules\\mysql\\lib\\protocol\\sequences\\Sequence.js:75:24)\n    at Query.ErrorPacket (C:\\Work\\Code\\Exercises\\Web\\node_modules\\mysql\\lib\\protocol\\sequences\\Query.js:93:8)\n    at Protocol._parsePacket (C:\\Work\\Code\\Exercises\\Web\\node_modules\\mysql\\lib\\protocol\\Protocol.js:172:24)\n    at Parser.write (C:\\Work\\Code\\Exercises\\Web\\node_modules\\mysql\\lib\\protocol\\Parser.js:62:12)\n    at Protocol.write (C:\\Work\\Code\\Exercises\\Web\\node_modules\\mysql\\lib\\protocol\\Protocol.js:37:16)\n    at Socket.ondata (stream.js:51:26)\n    at Socket.EventEmitter.emit (events.js:117:20)\n    at Socket.<anonymous> (_stream_readable.js:745:14)","level":"error","message":"Error ER_PARSE_ERROR You have an error in your SQL syntax; check the manual that corresponds to your MySQL server version for the right syntax to use near 'select * from exercises.examitem where examid='1';select ep.* from exercises.exa' at line 1","timestamp":"2014-11-14T09:38:52.049Z"}
{"stackTrace":"Error: Error: ER_PARSE_ERROR: You have an error in your SQL syntax; check the manual that corresponds to your MySQL server version for the right syntax to use near 'select * from exercises.examitem where examid='1'; select ep.* from exercises.ex' at line 1\n    at C:\\Work\\Code\\Exercises\\Web\\routes\\exam.js:65:21\n    at Query._callback (C:\\Work\\Code\\Exercises\\Web\\routes\\exam.js:36:25)\n    at Query.Sequence.end (C:\\Work\\Code\\Exercises\\Web\\node_modules\\mysql\\lib\\protocol\\sequences\\Sequence.js:75:24)\n    at Query.ErrorPacket (C:\\Work\\Code\\Exercises\\Web\\node_modules\\mysql\\lib\\protocol\\sequences\\Query.js:93:8)\n    at Protocol._parsePacket (C:\\Work\\Code\\Exercises\\Web\\node_modules\\mysql\\lib\\protocol\\Protocol.js:172:24)\n    at Parser.write (C:\\Work\\Code\\Exercises\\Web\\node_modules\\mysql\\lib\\protocol\\Parser.js:62:12)\n    at Protocol.write (C:\\Work\\Code\\Exercises\\Web\\node_modules\\mysql\\lib\\protocol\\Protocol.js:37:16)\n    at Socket.ondata (stream.js:51:26)\n    at Socket.EventEmitter.emit (events.js:117:20)\n    at Socket.<anonymous> (_stream_readable.js:745:14)","level":"error","message":"Error ER_PARSE_ERROR You have an error in your SQL syntax; check the manual that corresponds to your MySQL server version for the right syntax to use near 'select * from exercises.examitem where examid='1'; select ep.* from exercises.ex' at line 1","timestamp":"2014-11-14T09:41:26.554Z"}
{"date":"Mon Nov 24 2014 11:04:50 GMT+0800 (China Standard Time)","process":{"pid":9788,"uid":null,"gid":null,"cwd":"C:\\Work\\Code\\Exercises\\Web","execPath":"C:\\Program Files (x86)\\nodejs\\node.exe","version":"v0.10.28","argv":["node","C:\\Work\\Code\\Exercises\\Web\\server.js"],"memoryUsage":{"rss":21217280,"heapTotal":15453568,"heapUsed":7935468}},"os":{"loadavg":[0,0,0],"uptime":379896.2085733},"trace":[{"column":11,"file":"net.js","function":"errnoException","line":904,"method":null,"native":false},{"column":14,"file":"net.js","function":"Server._listen2","line":1042,"method":"_listen2","native":false},{"column":10,"file":"net.js","function":"listen","line":1064,"method":null,"native":false},{"column":5,"file":"net.js","function":"Server.listen","line":1138,"method":"listen","native":false},{"column":24,"file":"C:\\Work\\Code\\Exercises\\Web\\server.js","function":"","line":117,"method":null,"native":false},{"column":26,"file":"module.js","function":"Module._compile","line":456,"method":"_compile","native":false},{"column":10,"file":"module.js","function":"Object.Module._extensions..js","line":474,"method":"Module._extensions..js","native":false},{"column":32,"file":"module.js","function":"Module.load","line":356,"method":"load","native":false},{"column":12,"file":"module.js","function":"Function.Module._load","line":312,"method":"Module._load","native":false},{"column":10,"file":"module.js","function":"Function.Module.runMain","line":497,"method":"Module.runMain","native":false}],"stack":["Error: listen EADDRINUSE","    at errnoException (net.js:904:11)","    at Server._listen2 (net.js:1042:14)","    at listen (net.js:1064:10)","    at Server.listen (net.js:1138:5)","    at Object.<anonymous> (C:\\Work\\Code\\Exercises\\Web\\server.js:117:24)","    at Module._compile (module.js:456:26)","    at Object.Module._extensions..js (module.js:474:10)","    at Module.load (module.js:356:32)","    at Function.Module._load (module.js:312:12)","    at Function.Module.runMain (module.js:497:10)"],"level":"error","message":"uncaughtException: listen EADDRINUSE","timestamp":"2014-11-24T03:04:50.341Z"}
{"stackTrace":"Error: Error: ER_PARSE_ERROR: You have an error in your SQL syntax; check the manual that corresponds to your MySQL server version for the right syntax to use near 'select * from exercises.examitem where examid='1';select ep.* from exercises.exa' at line 1\n    at C:\\Work\\Code\\Exercises\\Web\\routes\\exam.js:67:21\n    at Query._callback (C:\\Work\\Code\\Exercises\\Web\\routes\\exam.js:38:25)\n    at Query.Sequence.end (C:\\Work\\Code\\Exercises\\Web\\node_modules\\mysql\\lib\\protocol\\sequences\\Sequence.js:75:24)\n    at Query.ErrorPacket (C:\\Work\\Code\\Exercises\\Web\\node_modules\\mysql\\lib\\protocol\\sequences\\Query.js:93:8)\n    at Protocol._parsePacket (C:\\Work\\Code\\Exercises\\Web\\node_modules\\mysql\\lib\\protocol\\Protocol.js:172:24)\n    at Parser.write (C:\\Work\\Code\\Exercises\\Web\\node_modules\\mysql\\lib\\protocol\\Parser.js:62:12)\n    at Protocol.write (C:\\Work\\Code\\Exercises\\Web\\node_modules\\mysql\\lib\\protocol\\Protocol.js:37:16)\n    at Socket.ondata (stream.js:51:26)\n    at Socket.EventEmitter.emit (events.js:117:20)\n    at Socket.<anonymous> (_stream_readable.js:745:14)","level":"error","message":"Error ER_PARSE_ERROR You have an error in your SQL syntax; check the manual that corresponds to your MySQL server version for the right syntax to use near 'select * from exercises.examitem where examid='1';select ep.* from exercises.exa' at line 1","timestamp":"2014-11-24T05:54:04.801Z"}
{"stackTrace":"Error: Error: ER_PARSE_ERROR: You have an error in your SQL syntax; check the manual that corresponds to your MySQL server version for the right syntax to use near 'select * from exercises.examitem where examid='1';select ep.* from exercises.exa' at line 1\n    at C:\\Work\\Code\\Exercises\\Web\\routes\\exam.js:67:21\n    at Query._callback (C:\\Work\\Code\\Exercises\\Web\\routes\\exam.js:38:25)\n    at Query.Sequence.end (C:\\Work\\Code\\Exercises\\Web\\node_modules\\mysql\\lib\\protocol\\sequences\\Sequence.js:75:24)\n    at Query.ErrorPacket (C:\\Work\\Code\\Exercises\\Web\\node_modules\\mysql\\lib\\protocol\\sequences\\Query.js:93:8)\n    at Protocol._parsePacket (C:\\Work\\Code\\Exercises\\Web\\node_modules\\mysql\\lib\\protocol\\Protocol.js:172:24)\n    at Parser.write (C:\\Work\\Code\\Exercises\\Web\\node_modules\\mysql\\lib\\protocol\\Parser.js:62:12)\n    at Protocol.write (C:\\Work\\Code\\Exercises\\Web\\node_modules\\mysql\\lib\\protocol\\Protocol.js:37:16)\n    at Socket.ondata (stream.js:51:26)\n    at Socket.EventEmitter.emit (events.js:117:20)\n    at Socket.<anonymous> (_stream_readable.js:745:14)","level":"error","message":"Error ER_PARSE_ERROR You have an error in your SQL syntax; check the manual that corresponds to your MySQL server version for the right syntax to use near 'select * from exercises.examitem where examid='1';select ep.* from exercises.exa' at line 1","timestamp":"2014-11-24T05:59:23.462Z"}
{"stackTrace":"Error: Error: ER_PARSE_ERROR: You have an error in your SQL syntax; check the manual that corresponds to your MySQL server version for the right syntax to use near 'select * from exercises.examitem where examid='1';select ep.* from exercises.exa' at line 1\n    at C:\\Work\\Code\\Exercises\\Web\\routes\\exam.js:67:21\n    at Query._callback (C:\\Work\\Code\\Exercises\\Web\\routes\\exam.js:38:25)\n    at Query.Sequence.end (C:\\Work\\Code\\Exercises\\Web\\node_modules\\mysql\\lib\\protocol\\sequences\\Sequence.js:75:24)\n    at Query.ErrorPacket (C:\\Work\\Code\\Exercises\\Web\\node_modules\\mysql\\lib\\protocol\\sequences\\Query.js:93:8)\n    at Protocol._parsePacket (C:\\Work\\Code\\Exercises\\Web\\node_modules\\mysql\\lib\\protocol\\Protocol.js:172:24)\n    at Parser.write (C:\\Work\\Code\\Exercises\\Web\\node_modules\\mysql\\lib\\protocol\\Parser.js:62:12)\n    at Protocol.write (C:\\Work\\Code\\Exercises\\Web\\node_modules\\mysql\\lib\\protocol\\Protocol.js:37:16)\n    at Socket.ondata (stream.js:51:26)\n    at Socket.EventEmitter.emit (events.js:117:20)\n    at Socket.<anonymous> (_stream_readable.js:745:14)","level":"error","message":"Error ER_PARSE_ERROR You have an error in your SQL syntax; check the manual that corresponds to your MySQL server version for the right syntax to use near 'select * from exercises.examitem where examid='1';select ep.* from exercises.exa' at line 1","timestamp":"2014-11-24T05:59:25.926Z"}
